<?xml version="1.0" encoding="UTF-8"?>
<testng-results ignored="0" total="1" passed="1" failed="0" skipped="0">
  <reporter-output>
  </reporter-output>
  <suite started-at="2022-12-29T19:05:52 PST" name="Default suite" finished-at="2022-12-29T19:06:12 PST" duration-ms="19881">
    <groups>
      <group name="cucumber">
        <method signature="AbstractTestNGCucumberTests.feature(cucumber.api.testng.CucumberFeatureWrapper)[pri:0, instance:com.TestRunner.qa.TestRunnerClass@31ea9581]" name="feature" class="cucumber.api.testng.AbstractTestNGCucumberTests"/>
      </group> <!-- cucumber -->
    </groups>
    <test started-at="2022-12-29T19:05:52 PST" name="Default test" finished-at="2022-12-29T19:06:12 PST" duration-ms="19881">
      <class name="com.TestRunner.qa.TestRunnerClass">
        <test-method is-config="true" signature="startURL()[pri:0, instance:com.TestRunner.qa.TestRunnerClass@31ea9581]" started-at="2022-12-29T19:05:52 PST" name="startURL" finished-at="2022-12-29T19:05:55 PST" duration-ms="2349" status="PASS">
          <reporter-output>
          </reporter-output>
        </test-method> <!-- startURL -->
        <test-method is-config="true" signature="setUpClass()[pri:0, instance:com.TestRunner.qa.TestRunnerClass@31ea9581]" started-at="2022-12-29T19:05:55 PST" name="setUpClass" finished-at="2022-12-29T19:05:55 PST" duration-ms="155" status="PASS">
          <reporter-output>
          </reporter-output>
        </test-method> <!-- setUpClass -->
        <test-method signature="feature(cucumber.api.testng.CucumberFeatureWrapper)[pri:0, instance:com.TestRunner.qa.TestRunnerClass@31ea9581]" started-at="2022-12-29T19:05:55 PST" name="feature" description="Runs Cucumber Feature" data-provider="features" finished-at="2022-12-29T19:05:56 PST" duration-ms="1010" status="PASS">
          <params>
            <param index="0">
              <value>
                <![CDATA[This Feature will cover the search field]]>
              </value>
            </param>
          </params>
          <reporter-output>
          </reporter-output>
        </test-method> <!-- feature -->
        <test-method is-config="true" signature="tearDownClass()[pri:0, instance:com.TestRunner.qa.TestRunnerClass@31ea9581]" started-at="2022-12-29T19:05:56 PST" name="tearDownClass" finished-at="2022-12-29T19:05:56 PST" duration-ms="6" status="PASS">
          <reporter-output>
          </reporter-output>
        </test-method> <!-- tearDownClass -->
        <test-method is-config="true" signature="closeURL()[pri:0, instance:com.TestRunner.qa.TestRunnerClass@31ea9581]" started-at="2022-12-29T19:05:56 PST" name="closeURL" finished-at="2022-12-29T19:06:12 PST" duration-ms="16246" status="PASS">
          <reporter-output>
          </reporter-output>
        </test-method> <!-- closeURL -->
      </class> <!-- com.TestRunner.qa.TestRunnerClass -->
    </test> <!-- Default test -->
  </suite> <!-- Default suite -->
</testng-results>
